
ROM used:   1987/8192 (24%)
            1987/8192 (24%) including unused fragments

            1.3 Average locations per line
            12.0 Average locations per statement

RAM used:   22/368 (6%) at main() level
            51/368 (14%) worst case

Stack used: 3 worst case (3 in main + 0 for interrupts)
Stack size: 8

Lines Stmts  %   Files
----- ----- ---  -----
   39    14   8  main.c
   15     0   0  main.h
  754     0   0  ..\..\..\..\..\..\PIC\PICC\devices\16F886.h
   59     0   0  types.h
  692   152  92  ds1820.h
----- -----
 1559   166 Total

Page ROM  %  RAM    Vol Diff  Functions:
---- --- --- ---    --- ----  ----------
0     24   1    1             @delay_ms1
0     37   2    1    172  2.1  DS1820_Reset
0     21   1    1    152  2.2  DS1820_ReadBit
0     24   1    1    143  2.1  DS1820_WriteBit
 Inline         2    218  5.0  DS1820_ReadByte
0     29   1    3    203  4.1  DS1820_WriteByte
0     27   1    3    210  4.7  DS1820_AddrDevice
0    150   8    9   1864 11.7  DS1820_FindNextDevice
0      7   0    0     59  1.9  DS1820_FindFirstDevice
 Inline        16   1193 10.2  DS1820_GetTempRaw
 Inline         5             @DIV1616
0    461  23    4     48  2.1  DS1820_GetTempFloat
 Inline         2             @SITOF
 Inline        14             @DIVFF
0     21   1    3             @DIV88
0    121   6    5    277  4.3  MAIN
0      8   0    0             @const699
0     93   5    6             @PRINTF_D_9600_62_63
0     91   5    5             @PSTRINGCN7_9600_62_63
 Inline        13             @MULFF
 Inline        16             @ADDFF
 Inline         5             @FTOSD
0     79   4   13             @DIV3232
0    697  35   13             @PRINTF_L32D_9600_62_63FPFPFR
0      3   0    0             @const719
0     90   5    4             @PSTRINGC7_9600_62_63
 Inline         0             @cinit1

Program metrics:
    Functions               11
    Statements              166
    Comments                460
    Volume (V)              6724
    Difficulty (D)          49.1
    Effort to implement (E) 330264
    Time to implement (T)   5 hours, 6 minutes
    Est Delivered Bugs (B)  2
    Cyclomatic Complexity   23
    Maintainability (MI)    65

 Segment     Used  Free
-----------  ----  ----
00000-00003     4  0  
00004-007FF  1983  61  
00800-00FFF     0  2048  
01000-017FF     0  2048  
01800-01FFF     0  2048  



